<?xml version="1.0" encoding="UTF-8"?>
<!-- Generated by org.testng.reporters.JUnitXMLReporter -->
<testsuite hostname="CBT-MH-000" name="Test" tests="7" failures="0" timestamp="28 Oct 2019 10:36:13 GMT" time="15.288" errors="0">
  <testcase name="postTweet" time="7.328" classname="Api.Posttweet"/>
  <testcase name="start" time="1.149" classname="Api.Blockuser"/>
  <testcase name="searchtweet" time="0.6" classname="Api.Tweeterserach"/>
  <testcase name="listusers" time="1.616" classname="Api.Listallusers"/>
  <testcase name="getTweet" time="0.8" classname="Api.Twitter"/>
  <testcase name="updatetweets" time="2.761" classname="Api.Twittertrends"/>
  <testcase name="searchtweet" time="0.578" classname="Api.Wheather"/>
</testsuite> <!-- Test -->
