<?xml version="1.0" encoding="UTF-8"?>
<testng-results skipped="0" failed="0" total="1" passed="1">
  <reporter-output>
  </reporter-output>
  <suite name="Default suite" duration-ms="8587" started-at="2019-10-29T06:11:39Z" finished-at="2019-10-29T06:11:47Z">
    <groups>
    </groups>
    <test name="Default test" duration-ms="8587" started-at="2019-10-29T06:11:39Z" finished-at="2019-10-29T06:11:47Z">
      <class name="Api.Posttweet">
        <test-method status="PASS" signature="start()[pri:0, instance:Api.Posttweet@5ce81285]" name="start" is-config="true" duration-ms="1297" started-at="2019-10-29T11:41:39Z" finished-at="2019-10-29T11:41:40Z">
          <reporter-output>
          </reporter-output>
        </test-method> <!-- start -->
        <test-method status="PASS" signature="postTweet()[pri:0, instance:Api.Posttweet@5ce81285]" name="postTweet" duration-ms="7248" started-at="2019-10-29T11:41:40Z" finished-at="2019-10-29T11:41:47Z">
          <reporter-output>
          </reporter-output>
        </test-method> <!-- postTweet -->
      </class> <!-- Api.Posttweet -->
    </test> <!-- Default test -->
  </suite> <!-- Default suite -->
</testng-results>
